{
  "RSpec": {
    "coverage": {
      "/home/viet/Project/Cinema/ruby_movie_theatre_01/app/models/film.rb": [
        1,
        1,
        null,
        null,
        1,
        1,
        1,
        1,
        null,
        1,
        1,
        null,
        1,
        null,
        1,
        null,
        1,
        1,
        null
      ],
      "/home/viet/Project/Cinema/ruby_movie_theatre_01/app/models/application_record.rb": [
        1,
        1,
        null
      ],
      "/home/viet/Project/Cinema/ruby_movie_theatre_01/spec/models/room_spec.rb": [
        1,
        null,
        1,
        1,
        1,
        2,
        null,
        null,
        null,
        1,
        null,
        null,
        1,
        2,
        2,
        2,
        2,
        null,
        null
      ],
      "/home/viet/Project/Cinema/ruby_movie_theatre_01/app/models/room.rb": [
        1,
        1,
        1,
        1,
        1,
        null
      ],
      "/home/viet/Project/Cinema/ruby_movie_theatre_01/spec/models/schedule_spec.rb": [
        1,
        null,
        1,
        1,
        1,
        2,
        2,
        2,
        null,
        null,
        null,
        1,
        2,
        null,
        null,
        1,
        2,
        2,
        2,
        2,
        null,
        null
      ],
      "/home/viet/Project/Cinema/ruby_movie_theatre_01/app/models/schedule.rb": [
        1,
        1,
        null,
        1,
        1,
        1,
        null,
        1,
        1,
        1,
        null
      ],
      "/home/viet/Project/Cinema/ruby_movie_theatre_01/spec/models/seat_spec.rb": [
        1,
        null,
        1,
        1,
        1,
        2,
        2,
        null,
        null,
        null,
        1,
        null,
        null,
        1,
        2,
        2,
        null,
        null
      ],
      "/home/viet/Project/Cinema/ruby_movie_theatre_01/app/models/seat.rb": [
        1,
        1,
        1,
        null
      ],
      "/home/viet/Project/Cinema/ruby_movie_theatre_01/spec/models/ticket_spec.rb": [
        1,
        null,
        1,
        1,
        1,
        2,
        2,
        2,
        2,
        2,
        2,
        null,
        null,
        null,
        1,
        null,
        null,
        1,
        2,
        2,
        2,
        null,
        null
      ],
      "/home/viet/Project/Cinema/ruby_movie_theatre_01/app/models/ticket.rb": [
        1,
        1,
        null,
        1,
        1,
        1,
        null
      ],
      "/home/viet/Project/Cinema/ruby_movie_theatre_01/spec/models/user_spec.rb": [
        1,
        null,
        1,
        1,
        1,
        null,
        null,
        null,
        null,
        null,
        null,
        1,
        1,
        2,
        2,
        2,
        2,
        2,
        2,
        2,
        null,
        null,
        null,
        1,
        2,
        2,
        2,
        2,
        2,
        2,
        2,
        2,
        2,
        null,
        null,
        1,
        2,
        null,
        null,
        1,
        1,
        1,
        4,
        null,
        null,
        null,
        null,
        null,
        null,
        null,
        null,
        null,
        null,
        null,
        null,
        null,
        null,
        null,
        null,
        null,
        null,
        null,
        null,
        null,
        null,
        null,
        null,
        null,
        null,
        null,
        null,
        null,
        null,
        null,
        null
      ],
      "/home/viet/Project/Cinema/ruby_movie_theatre_01/app/models/user.rb": [
        1,
        1,
        1,
        1,
        1,
        1,
        null,
        1,
        1,
        null,
        null,
        null,
        1,
        null,
        null,
        1,
        null,
        1,
        1,
        null,
        1,
        1,
        0,
        0,
        null,
        0,
        null,
        0,
        null,
        null,
        1,
        0,
        null,
        null,
        null,
        1,
        0,
        0,
        null,
        null,
        1,
        0,
        null,
        null,
        1,
        0,
        null,
        null,
        1,
        0,
        0,
        0,
        null,
        null,
        1,
        null,
        1,
        1,
        null,
        null
      ]
    },
    "timestamp": 1552368851
  }
}
